22:48:00: Creating resource group General
22:48:00: Creating resource group Internal
22:48:00: Creating resource group Autodetect
22:48:00: SceneManagerFactory for type 'DefaultSceneManager' registered.
22:48:00: Registering ResourceManager for type Material
22:48:00: Registering ResourceManager for type Mesh
22:48:00: Registering ResourceManager for type Skeleton
22:48:00: MovableObjectFactory for type 'ParticleSystem' registered.
22:48:00: ArchiveFactory for archive type FileSystem registered.
22:48:00: ArchiveFactory for archive type Zip registered.
22:48:00: ArchiveFactory for archive type EmbeddedZip registered.
22:48:00: DDS codec registering
22:48:00: FreeImage version: 3.15.3
22:48:00: This program uses FreeImage, a free, open source image library supporting all common bitmap formats. See http://freeimage.sourceforge.net for details
22:48:00: Supported formats: bmp,ico,jpg,jif,jpeg,jpe,jng,koa,iff,lbm,mng,pbm,pbm,pcd,pcx,pgm,pgm,png,ppm,ppm,ras,tga,targa,tif,tiff,wap,wbmp,wbm,psd,cut,xbm,xpm,gif,hdr,g3,sgi,exr,j2k,j2c,jp2,pfm,pct,pict,pic
22:48:00: Registering ResourceManager for type HighLevelGpuProgram
22:48:00: Registering ResourceManager for type Compositor
22:48:00: MovableObjectFactory for type 'Entity' registered.
22:48:00: MovableObjectFactory for type 'Light' registered.
22:48:00: MovableObjectFactory for type 'BillboardSet' registered.
22:48:00: MovableObjectFactory for type 'ManualObject' registered.
22:48:00: MovableObjectFactory for type 'BillboardChain' registered.
22:48:00: MovableObjectFactory for type 'RibbonTrail' registered.
22:48:00: Loading library .\RenderSystem_GL
22:48:00: Installing plugin: GL RenderSystem
22:48:00: OpenGL Rendering Subsystem created.
22:48:00: Plugin successfully installed
22:48:00: Loading library .\Plugin_CgProgramManager
22:48:00: Installing plugin: Cg Program Manager
22:48:00: Plugin successfully installed
22:48:00: Loading library .\Plugin_ParticleFX
22:48:00: Installing plugin: ParticleFX
22:48:00: Particle Emitter Type 'Point' registered
22:48:00: Particle Emitter Type 'Box' registered
22:48:00: Particle Emitter Type 'Ellipsoid' registered
22:48:00: Particle Emitter Type 'Cylinder' registered
22:48:00: Particle Emitter Type 'Ring' registered
22:48:00: Particle Emitter Type 'HollowEllipsoid' registered
22:48:00: Particle Affector Type 'LinearForce' registered
22:48:00: Particle Affector Type 'ColourFader' registered
22:48:00: Particle Affector Type 'ColourFader2' registered
22:48:00: Particle Affector Type 'ColourImage' registered
22:48:00: Particle Affector Type 'ColourInterpolator' registered
22:48:00: Particle Affector Type 'Scaler' registered
22:48:00: Particle Affector Type 'Rotator' registered
22:48:00: Particle Affector Type 'DirectionRandomiser' registered
22:48:00: Particle Affector Type 'DeflectorPlane' registered
22:48:00: Plugin successfully installed
22:48:00: *-*-* OGRE Initialising
22:48:00: *-*-* Version 1.9.0 (Equity)
22:48:00: Creating resource group App_Resource_Group
22:48:00: Added resource location 'Media/Core_Data/OgreCore.zip' of type 'Zip' to resource group 'App_Resource_Group'
22:48:00: Added resource location 'C:/Users/Terry/Desktop/World_EditorSB/Bin/Media/App_Resources' of type 'FileSystem' to resource group 'App_Resource_Group'
22:48:00: Added resource location 'C:/Users/Terry/Desktop/World_EditorSB/Bin/Media/New_Particles' of type 'FileSystem' to resource group 'App_Resource_Group'
22:48:00: CPU Identifier & Features
22:48:00: -------------------------
22:48:00:  *   CPU ID: GenuineIntel: Intel(R) Core(TM) i5-4200M CPU @ 2.50GHz
22:48:00:  *      SSE: yes
22:48:00:  *     SSE2: yes
22:48:00:  *     SSE3: yes
22:48:00:  *      MMX: yes
22:48:00:  *   MMXEXT: yes
22:48:00:  *    3DNOW: no
22:48:00:  * 3DNOWEXT: no
22:48:00:  *     CMOV: yes
22:48:00:  *      TSC: yes
22:48:00:  *      FPU: yes
22:48:00:  *      PRO: yes
22:48:00:  *       HT: no
22:48:00: -------------------------
22:48:00: *** Starting Win32GL Subsystem ***
22:48:00: Registering ResourceManager for type Texture
22:48:00: GLRenderSystem::_createRenderWindow "Main RenderWindow", 1024x768 windowed  miscParams: externalWindowHandle=13698122 vsync= 
22:48:00: GL_VERSION = 4.3.0 - Build 20.19.15.4835
22:48:00: GL_VENDOR = Intel
22:48:00: GL_RENDERER = Intel(R) HD Graphics 4600
22:48:00: GL_EXTENSIONS = GL_EXT_blend_minmax GL_EXT_blend_subtract GL_EXT_blend_color GL_EXT_abgr GL_EXT_texture3D GL_EXT_clip_volume_hint GL_EXT_compiled_vertex_array GL_SGIS_texture_edge_clamp GL_SGIS_generate_mipmap GL_EXT_draw_range_elements GL_SGIS_texture_lod GL_EXT_rescale_normal GL_EXT_packed_pixels GL_EXT_texture_edge_clamp GL_EXT_separate_specular_color GL_ARB_multitexture GL_ARB_map_buffer_alignment GL_ARB_conservative_depth GL_EXT_texture_env_combine GL_EXT_bgra GL_EXT_blend_func_separate GL_EXT_secondary_color GL_EXT_fog_coord GL_EXT_texture_env_add GL_ARB_texture_cube_map GL_ARB_transpose_matrix GL_ARB_internalformat_query GL_ARB_internalformat_query2 GL_ARB_texture_env_add GL_IBM_texture_mirrored_repeat GL_ARB_texture_mirrored_repeat GL_EXT_multi_draw_arrays GL_SUN_multi_draw_arrays GL_NV_blend_square GL_ARB_texture_compression GL_3DFX_texture_compression_FXT1 GL_EXT_texture_filter_anisotropic GL_ARB_texture_border_clamp GL_ARB_point_parameters GL_ARB_texture_env_combine GL_ARB_texture_env_dot3 GL_ARB_texture_env_crossbar GL_EXT_texture_compression_s3tc GL_ARB_shadow GL_ARB_window_pos GL_EXT_shadow_funcs GL_EXT_stencil_wrap GL_ARB_vertex_program GL_EXT_texture_rectangle GL_ARB_fragment_program GL_EXT_stencil_two_side GL_ATI_separate_stencil GL_ARB_vertex_buffer_object GL_EXT_texture_lod_bias GL_ARB_occlusion_query GL_ARB_fragment_shader GL_ARB_shader_objects GL_ARB_shading_language_100 GL_ARB_texture_non_power_of_two GL_ARB_vertex_shader GL_NV_texgen_reflection GL_ARB_point_sprite GL_ARB_fragment_program_shadow GL_EXT_blend_equation_separate GL_ARB_depth_texture GL_ARB_texture_rectangle GL_ARB_draw_buffers GL_ARB_color_buffer_float GL_ARB_half_float_pixel GL_ARB_texture_float GL_ARB_pixel_buffer_object GL_ARB_texture_barrier GL_EXT_framebuffer_object GL_ARB_draw_instanced GL_ARB_half_float_vertex GL_ARB_occlusion_query2 GL_EXT_draw_buffers2 GL_WIN_swap_hint GL_EXT_texture_sRGB GL_ARB_multisample GL_EXT_packed_float GL_EXT_texture_shared_exponent GL_ARB_texture_rg GL_ARB_texture_compression_rgtc GL_NV_conditional_render GL_ARB_texture_swizzle GL_EXT_texture_swizzle GL_ARB_texture_gather GL_ARB_sync GL_ARB_cl_event GL_ARB_framebuffer_sRGB GL_EXT_packed_depth_stencil GL_ARB_depth_buffer_float GL_EXT_transform_feedback GL_ARB_transform_feedback2 GL_ARB_draw_indirect GL_EXT_framebuffer_blit GL_EXT_framebuffer_multisample GL_ARB_framebuffer_object GL_ARB_framebuffer_no_attachments GL_EXT_texture_array GL_EXT_texture_integer GL_ARB_map_buffer_range GL_ARB_texture_buffer_range GL_EXT_texture_snorm GL_ARB_blend_func_extended GL_INTEL_performance_query GL_ARB_copy_buffer GL_ARB_sampler_objects GL_NV_primitive_restart GL_ARB_seamless_cube_map GL_ARB_seamless_cubemap_per_texture GL_ARB_uniform_buffer_object GL_ARB_depth_clamp GL_ARB_vertex_array_bgra GL_ARB_shader_bit_encoding GL_ARB_draw_buffers_blend GL_ARB_geometry_shader4 GL_EXT_geometry_shader4 GL_ARB_texture_query_lod GL_ARB_explicit_attrib_location GL_ARB_draw_elements_base_vertex GL_EXT_shader_integer_mix GL_ARB_instanced_arrays GL_ARB_base_instance GL_ARB_fragment_coord_conventions GL_EXT_gpu_program_parameters GL_ARB_texture_buffer_object_rgb32 GL_ARB_compatibility GL_ARB_texture_rgb10_a2ui GL_ARB_texture_multisample GL_ARB_vertex_type_2_10_10_10_rev GL_ARB_vertex_type_10f_11f_11f_rev GL_ARB_timer_query GL_EXT_timer_query GL_ARB_tessellation_shader GL_ARB_vertex_array_object GL_ARB_provoking_vertex GL_ARB_sample_shading GL_ARB_texture_cube_map_array GL_EXT_gpu_shader4 GL_ARB_gpu_shader5 GL_ARB_gpu_shader_fp64 GL_INTEL_fragment_shader_ordering GL_ARB_fragment_shader_interlock GL_ARB_clip_control GL_ARB_shader_subroutine GL_ARB_transform_feedback3 GL_ARB_get_program_binary GL_ARB_separate_shader_objects GL_ARB_shader_precision GL_ARB_vertex_attrib_64bit GL_ARB_viewport_array GL_ARB_transform_feedback_instanced GL_ARB_compressed_texture_pixel_storage GL_ARB_shader_atomic_counters GL_ARB_shading_language_packing GL_ARB_shader_image_load_store GL_ARB_shading_language_420pack GL_ARB_texture_storage GL_EXT_texture_storage GL_ARB_compute_shader GL_ARB_vertex_attrib_binding GL_ARB_texture_view GL_ARB_fragment_layer_viewport GL_ARB_multi_draw_indirect GL_ARB_program_interface_query GL_ARB_shader_image_size GL_ARB_shader_storage_buffer_object GL_ARB_texture_storage_multisample GL_ARB_buffer_storage GL_AMD_vertex_shader_layer GL_AMD_vertex_shader_viewport_index GL_ARB_query_buffer_object GL_EXT_polygon_offset_clamp GL_ARB_clear_texture GL_ARB_texture_mirror_clamp_to_edge GL_ARB_debug_output GL_ARB_enhanced_layouts GL_KHR_debug GL_ARB_arrays_of_arrays GL_ARB_texture_query_levels GL_ARB_invalidate_subdata GL_ARB_clear_buffer_object GL_INTEL_map_texture GL_ARB_texture_compression_bptc GL_ARB_ES2_compatibility GL_ARB_ES3_compatibility GL_ARB_robustness GL_ARB_robust_buffer_access_behavior GL_EXT_texture_sRGB_decode GL_ARB_copy_image GL_KHR_blend_equation_advanced GL_EXT_direct_state_access GL_ARB_stencil_texturing GL_ARB_texture_stencil8 GL_ARB_explicit_uniform_location GL_ARB_multi_bind GL_ARB_indirect_parameters 
22:48:00: Supported WGL extensions: WGL_EXT_depth_float WGL_ARB_buffer_region WGL_ARB_extensions_string WGL_ARB_make_current_read WGL_ARB_pixel_format WGL_ARB_pbuffer WGL_EXT_extensions_string WGL_EXT_swap_control WGL_EXT_swap_control_tear WGL_ARB_multisample WGL_ARB_pixel_format_float WGL_ARB_framebuffer_sRGB WGL_ARB_create_context WGL_ARB_create_context_profile WGL_EXT_pixel_format_packed_float WGL_EXT_create_context_es_profile WGL_EXT_create_context_es2_profile WGL_NV_DX_interop WGL_INTEL_cl_sharing WGL_NV_DX_interop2 WGL_ARB_create_context_robustness 
22:48:00: ***************************
22:48:00: *** GL Renderer Started ***
22:48:00: ***************************
22:48:00: Registering ResourceManager for type GpuProgram
22:48:00: GLSL support detected
22:48:00: GL: Using GL_EXT_framebuffer_object for rendering to textures (best)
22:48:00: FBO PF_UNKNOWN depth/stencil support: D0S1 D0S4 D0S8 D0S16 D16S0 D16S1 D16S4 D16S8 D16S16 D24S0 D24S1 D24S4 D24S8 D24S16 D32S0 D32S1 D32S4 D32S8 D32S16 Packed-D24S8 
22:48:00: FBO PF_A8 depth/stencil support: D0S0 D0S1 D0S4 D0S8 D0S16 D16S0 D16S1 D16S4 D16S8 D16S16 D24S0 D24S1 D24S4 D24S8 D24S16 D32S0 D32S1 D32S4 D32S8 D32S16 Packed-D24S8 
22:48:00: FBO PF_R5G6B5 depth/stencil support: D0S0 D0S1 D0S4 D0S8 D0S16 D16S0 D16S1 D16S4 D16S8 D16S16 D24S0 D24S1 D24S4 D24S8 D24S16 D32S0 D32S1 D32S4 D32S8 D32S16 Packed-D24S8 
22:48:00: FBO PF_B5G6R5 depth/stencil support: D0S0 D0S1 D0S4 D0S8 D0S16 D16S0 D16S1 D16S4 D16S8 D16S16 D24S0 D24S1 D24S4 D24S8 D24S16 D32S0 D32S1 D32S4 D32S8 D32S16 Packed-D24S8 
22:48:00: FBO PF_A4R4G4B4 depth/stencil support: D0S0 D0S1 D0S4 D0S8 D0S16 D16S0 D16S1 D16S4 D16S8 D16S16 D24S0 D24S1 D24S4 D24S8 D24S16 D32S0 D32S1 D32S4 D32S8 D32S16 Packed-D24S8 
22:48:00: FBO PF_A1R5G5B5 depth/stencil support: D0S0 D0S1 D0S4 D0S8 D0S16 D16S0 D16S1 D16S4 D16S8 D16S16 D24S0 D24S1 D24S4 D24S8 D24S16 D32S0 D32S1 D32S4 D32S8 D32S16 Packed-D24S8 
22:48:00: FBO PF_R8G8B8 depth/stencil support: D0S0 D0S1 D0S4 D0S8 D0S16 D16S0 D16S1 D16S4 D16S8 D16S16 D24S0 D24S1 D24S4 D24S8 D24S16 D32S0 D32S1 D32S4 D32S8 D32S16 Packed-D24S8 
22:48:00: FBO PF_B8G8R8 depth/stencil support: D0S0 D0S1 D0S4 D0S8 D0S16 D16S0 D16S1 D16S4 D16S8 D16S16 D24S0 D24S1 D24S4 D24S8 D24S16 D32S0 D32S1 D32S4 D32S8 D32S16 Packed-D24S8 
22:48:00: FBO PF_A8R8G8B8 depth/stencil support: D0S0 D0S1 D0S4 D0S8 D0S16 D16S0 D16S1 D16S4 D16S8 D16S16 D24S0 D24S1 D24S4 D24S8 D24S16 D32S0 D32S1 D32S4 D32S8 D32S16 Packed-D24S8 
22:48:00: FBO PF_B8G8R8A8 depth/stencil support: D0S0 D0S1 D0S4 D0S8 D0S16 D16S0 D16S1 D16S4 D16S8 D16S16 D24S0 D24S1 D24S4 D24S8 D24S16 D32S0 D32S1 D32S4 D32S8 D32S16 Packed-D24S8 
22:48:00: FBO PF_A2R10G10B10 depth/stencil support: D0S0 D0S1 D0S4 D0S8 D0S16 D16S0 D16S1 D16S4 D16S8 D16S16 D24S0 D24S1 D24S4 D24S8 D24S16 D32S0 D32S1 D32S4 D32S8 D32S16 Packed-D24S8 
22:48:00: FBO PF_A2B10G10R10 depth/stencil support: D0S0 D0S1 D0S4 D0S8 D0S16 D16S0 D16S1 D16S4 D16S8 D16S16 D24S0 D24S1 D24S4 D24S8 D24S16 D32S0 D32S1 D32S4 D32S8 D32S16 Packed-D24S8 
22:48:00: FBO PF_FLOAT16_RGB depth/stencil support: D0S0 D0S1 D0S4 D0S8 D0S16 D16S0 D16S1 D16S4 D16S8 D16S16 D24S0 D24S1 D24S4 D24S8 D24S16 D32S0 D32S1 D32S4 D32S8 D32S16 Packed-D24S8 
22:48:00: FBO PF_FLOAT16_RGBA depth/stencil support: D0S0 D0S1 D0S4 D0S8 D0S16 D16S0 D16S1 D16S4 D16S8 D16S16 D24S0 D24S1 D24S4 D24S8 D24S16 D32S0 D32S1 D32S4 D32S8 D32S16 Packed-D24S8 
22:48:00: FBO PF_FLOAT32_RGB depth/stencil support: D0S0 D0S1 D0S4 D0S8 D0S16 D16S0 D16S1 D16S4 D16S8 D16S16 D24S0 D24S1 D24S4 D24S8 D24S16 D32S0 D32S1 D32S4 D32S8 D32S16 Packed-D24S8 
22:48:00: FBO PF_FLOAT32_RGBA depth/stencil support: D0S0 D0S1 D0S4 D0S8 D0S16 D16S0 D16S1 D16S4 D16S8 D16S16 D24S0 D24S1 D24S4 D24S8 D24S16 D32S0 D32S1 D32S4 D32S8 D32S16 Packed-D24S8 
22:48:00: FBO PF_X8R8G8B8 depth/stencil support: D0S0 D0S1 D0S4 D0S8 D0S16 D16S0 D16S1 D16S4 D16S8 D16S16 D24S0 D24S1 D24S4 D24S8 D24S16 D32S0 D32S1 D32S4 D32S8 D32S16 Packed-D24S8 
22:48:00: FBO PF_X8B8G8R8 depth/stencil support: D0S0 D0S1 D0S4 D0S8 D0S16 D16S0 D16S1 D16S4 D16S8 D16S16 D24S0 D24S1 D24S4 D24S8 D24S16 D32S0 D32S1 D32S4 D32S8 D32S16 Packed-D24S8 
22:48:00: FBO PF_SHORT_RGBA depth/stencil support: D0S0 D0S1 D0S4 D0S8 D0S16 D16S0 D16S1 D16S4 D16S8 D16S16 D24S0 D24S1 D24S4 D24S8 D24S16 D32S0 D32S1 D32S4 D32S8 D32S16 Packed-D24S8 
22:48:00: FBO PF_R3G3B2 depth/stencil support: D0S0 D0S1 D0S4 D0S8 D0S16 D16S0 D16S1 D16S4 D16S8 D16S16 D24S0 D24S1 D24S4 D24S8 D24S16 D32S0 D32S1 D32S4 D32S8 D32S16 Packed-D24S8 
22:48:00: FBO PF_SHORT_RGB depth/stencil support: D0S0 D0S1 D0S4 D0S8 D0S16 D16S0 D16S1 D16S4 D16S8 D16S16 D24S0 D24S1 D24S4 D24S8 D24S16 D32S0 D32S1 D32S4 D32S8 D32S16 Packed-D24S8 
22:48:00: [GL] : Valid FBO targets PF_UNKNOWN PF_A8 PF_R5G6B5 PF_B5G6R5 PF_A4R4G4B4 PF_A1R5G5B5 PF_R8G8B8 PF_B8G8R8 PF_A8R8G8B8 PF_B8G8R8A8 PF_A2R10G10B10 PF_A2B10G10R10 PF_FLOAT16_RGB PF_FLOAT16_RGBA PF_FLOAT32_RGB PF_FLOAT32_RGBA PF_X8R8G8B8 PF_X8B8G8R8 PF_SHORT_RGBA PF_R3G3B2 PF_SHORT_RGB 
22:48:00: RenderSystem capabilities
22:48:00: -------------------------
22:48:00: RenderSystem Name: OpenGL Rendering Subsystem
22:48:00: GPU Vendor: intel
22:48:00: Device Name: Intel(R) HD Graphics 4600
22:48:00: Driver Version: 4.3.0.0
22:48:00:  * Fixed function pipeline: yes
22:48:00:  * Hardware generation of mipmaps: no
22:48:00:  * Texture blending: yes
22:48:00:  * Anisotropic texture filtering: yes
22:48:00:  * Dot product texture operation: yes
22:48:00:  * Cube mapping: yes
22:48:00:  * Hardware stencil buffer: yes
22:48:00:    - Stencil depth: 8
22:48:00:    - Two sided stencil support: yes
22:48:00:    - Wrap stencil values: yes
22:48:00:  * Hardware vertex / index buffers: yes
22:48:00:  * 32-bit index buffers: yes
22:48:00:  * Vertex programs: yes
22:48:00:  * Number of floating-point constants for vertex programs: 256
22:48:00:  * Number of integer constants for vertex programs: 0
22:48:00:  * Number of boolean constants for vertex programs: 0
22:48:00:  * Fragment programs: yes
22:48:00:  * Number of floating-point constants for fragment programs: 256
22:48:00:  * Number of integer constants for fragment programs: 0
22:48:00:  * Number of boolean constants for fragment programs: 0
22:48:00:  * Geometry programs: yes
22:48:00:  * Number of floating-point constants for geometry programs: 4096
22:48:00:  * Number of integer constants for geometry programs: 0
22:48:00:  * Number of boolean constants for geometry programs: 0
22:48:00:  * Tesselation Hull programs: no
22:48:00:  * Number of floating-point constants for tesselation hull programs: 0
22:48:00:  * Number of integer constants for tesselation hull programs: 0
22:48:00:  * Number of boolean constants for tesselation hull programs: 15
22:48:00:  * Tesselation Domain programs: no
22:48:00:  * Number of floating-point constants for tesselation domain programs: 0
22:48:00:  * Number of integer constants for tesselation domain programs: 194
22:48:00:  * Number of boolean constants for tesselation domain programs: 0
22:48:00:  * Compute programs: no
22:48:00:  * Number of floating-point constants for compute programs: 840
22:48:00:  * Number of integer constants for compute programs: 0
22:48:00:  * Number of boolean constants for compute programs: 0
22:48:00:  * Supported Shader Profiles: arbfp1 arbvp1 glsl glsl100 glsl110 glsl120 gp4gp gpu_gp nvgp4
22:48:00:  * Texture Compression: yes
22:48:00:    - DXT: yes
22:48:00:    - VTC: no
22:48:00:    - PVRTC: no
22:48:00:    - ATC: no
22:48:00:    - ETC1: no
22:48:00:    - ETC2: no
22:48:00:    - BC4/BC5: no
22:48:00:    - BC6H/BC7: no
22:48:00:  * Scissor Rectangle: yes
22:48:00:  * Hardware Occlusion Query: yes
22:48:00:  * User clip planes: yes
22:48:00:  * VET_UBYTE4 vertex element type: yes
22:48:00:  * Infinite far plane projection: yes
22:48:00:  * Hardware render-to-texture: yes
22:48:00:  * Floating point textures: yes
22:48:00:  * Non-power-of-two textures: yes
22:48:00:  * 1d textures: yes
22:48:00:  * Volume textures: yes
22:48:00:  * Multiple Render Targets: 8
22:48:00:    - With different bit depths: yes
22:48:00:  * Point Sprites: yes
22:48:00:  * Extended point parameters: yes
22:48:00:  * Max Point Size: 255
22:48:00:  * Vertex texture fetch: yes
22:48:00:  * Number of world matrices: 0
22:48:00:  * Number of texture units: 16
22:48:00:  * Stencil buffer depth: 8
22:48:00:  * Number of vertex blend matrices: 0
22:48:00:    - Max vertex textures: 32
22:48:00:    - Vertex textures shared: yes
22:48:00:  * Render to Vertex Buffer : no
22:48:00:  * Hardware Atomic Counters: no
22:48:00:  * GL 1.5 without VBO workaround: no
22:48:00:  * Frame Buffer objects: yes
22:48:00:  * Frame Buffer objects (ARB extension): no
22:48:00:  * Frame Buffer objects (ATI extension): no
22:48:00:  * PBuffer support: yes
22:48:00:  * GL 1.5 without HW-occlusion workaround: no
22:48:00:  * Vertex Array Objects: no
22:48:00:  * Separate shader objects: no
22:48:00: DefaultWorkQueue('Root') initialising on thread main.
22:48:00: Particle Renderer Type 'billboard' registered
22:48:00: OverlayElementFactory for type Panel registered.
22:48:00: OverlayElementFactory for type BorderPanel registered.
22:48:00: OverlayElementFactory for type TextArea registered.
22:48:00: Registering ResourceManager for type Font
22:48:00: Parsing scripts for resource group App_Resource_Group
22:48:00: Parsing script OgreCore.material
22:48:00: Parsing script OgreProfiler.material
22:48:00: Parsing script PhysCore.material
22:48:00: Parsing script basketball.material
22:48:00: Parsing script Barrel_1.material
22:48:00: Parsing script basketball.material
22:48:00: Parsing script BlueAxes.material
22:48:00: Parsing script Cube.material
22:48:00: Parsing script DoorEntity_GD.material
22:48:00: Parsing script EntityFlags.material
22:48:00: Parsing script EnvironmentEntity_GD.material
22:48:00: Parsing script Gizmo.material
22:48:00: Parsing script GreenAxes.material
22:48:00: Parsing script PicksightOverlay.material
22:48:00: Parsing script RedAxes.material
22:48:00: Parsing script Ring.material
22:48:00: Parsing script Sky.material
22:48:00: Parsing script SoundEntity_GD.material
22:48:00: Parsing script Test_cube.material
22:48:00: Parsing script GD_Part.material
22:48:00: Compiler error: invalid parameters in GD_Part.material(53): diffuse requires 3 or 4 colour arguments, or a "vertexcolour" directive
22:48:00: Parsing script GD.particle
22:48:00: Parsing script Ogre.fontdef
22:48:00: Parsing script OgreDebugPanel.overlay
22:48:00: Texture: New_Ogre_Border_Center2.png: Loading 1 faces(PF_A8R8G8B8,256x128x1) with 0 generated mipmaps from Image. Internal format is PF_A8R8G8B8,256x128x1.
22:48:00: Texture: New_Ogre_Border_Center.png: Loading 1 faces(PF_A8R8G8B8,256x128x1) with 0 generated mipmaps from Image. Internal format is PF_A8R8G8B8,256x128x1.
22:48:00: Texture: New_Ogre_Border_Break.png: Loading 1 faces(PF_A8R8G8B8,32x32x1) with 0 generated mipmaps from Image. Internal format is PF_A8R8G8B8,32x32x1.
22:48:00: Parsing script OgreLoadingPanel.overlay
22:48:00: Parsing script ObjectName.overlay
22:48:00: OGRE EXCEPTION(6:FileNotFoundException): Cannot locate resource Center.png in resource group App_Resource_Group or any other group. in ResourceGroupManager::openResource at c:\users\terry\desktop\ogre 1.9 build\ogre-1.9.1\ogremain\src\ogreresourcegroupmanager.cpp (line 756)
22:48:00: Error loading texture Center.png. Texture layer will be blank. Loading the texture failed with the following exception: OGRE EXCEPTION(6:FileNotFoundException): Cannot locate resource Center.png in resource group App_Resource_Group or any other group. in ResourceGroupManager::openResource at c:\users\terry\desktop\ogre 1.9 build\ogre-1.9.1\ogremain\src\ogreresourcegroupmanager.cpp (line 756)
22:48:00: Parsing script PhysicsDebugPanel.overlay
22:48:00: Parsing script Picksight.Overlay
22:48:00: Texture: Crosshair.png: Loading 1 faces(PF_A8R8G8B8,32x32x1) with 0 generated mipmaps from Image. Internal format is PF_A8R8G8B8,32x32x1.
22:48:00: Finished parsing scripts for resource group App_Resource_Group
22:48:00: Creating resources for group App_Resource_Group
22:48:00: All done
22:48:00: Parsing scripts for resource group Autodetect
22:48:00: Finished parsing scripts for resource group Autodetect
22:48:00: Creating resources for group Autodetect
22:48:00: All done
22:48:00: Parsing scripts for resource group General
22:48:00: Finished parsing scripts for resource group General
22:48:00: Creating resources for group General
22:48:00: All done
22:48:00: Parsing scripts for resource group Internal
22:48:00: Finished parsing scripts for resource group Internal
22:48:00: Creating resources for group Internal
22:48:00: All done
22:48:00: Mesh: Loading Gizmo.mesh.
22:48:00: WARNING: Gizmo.mesh is an older format ([MeshSerializer_v1.40]); you should upgrade it as soon as possible using the OgreMeshUpgrade tool.
22:48:00: Texture: GizmoBlue.bmp: Loading 1 faces(PF_R8G8B8,256x256x1) with 0 generated mipmaps from Image. Internal format is PF_X8R8G8B8,256x256x1.
22:48:00: Texture: GizmoGreen.bmp: Loading 1 faces(PF_R8G8B8,256x256x1) with 0 generated mipmaps from Image. Internal format is PF_X8R8G8B8,256x256x1.
22:48:00: Texture: GizmoRed.bmp: Loading 1 faces(PF_R8G8B8,256x256x1) with 0 generated mipmaps from Image. Internal format is PF_X8R8G8B8,256x256x1.
22:48:00: Mesh: Loading Ring.mesh.
22:48:00: Texture: PosBlue.jpg: Loading 1 faces(PF_R8G8B8,256x256x1) with 0 generated mipmaps from Image. Internal format is PF_X8R8G8B8,256x256x1.
22:48:00: Mesh: Loading RedAxes.mesh.
22:48:00: Texture: PosRed.bmp: Loading 1 faces(PF_R8G8B8,256x256x1) with 0 generated mipmaps from Image. Internal format is PF_X8R8G8B8,256x256x1.
22:48:00: Mesh: Loading GreenAxes.mesh.
22:48:00: Texture: PosGreen.bmp: Loading 1 faces(PF_R8G8B8,256x256x1) with 0 generated mipmaps from Image. Internal format is PF_X8R8G8B8,256x256x1.
22:48:00: Mesh: Loading BlueAxes.mesh.
22:48:00: Texture: PosBlue.bmp: Loading 1 faces(PF_R8G8B8,256x256x1) with 0 generated mipmaps from Image. Internal format is PF_X8R8G8B8,256x256x1.
22:48:00: OGRE EXCEPTION(7:InternalErrorException): Cannot load GL vertex program Ogre/ShadowExtrudeDirLightFiniteDebug.  Line 297:
Error, line 12: unknown identifier 'R1'.
Error, line 12: invalid destination register.
Error, line 13: unknown identifier 'R1'.
Error, line 13: unknown identifier 'R1'.
Error, line 13: invalid destination register.
Error, line 13: invalid source register.
Error, line 14: unknown identifier 'R1'.
Error, line 14: invalid source register.
 in Ogre/ShadowExtrudeDirLightFiniteDebug at C:\Users\Terry\Desktop\Ogre 1.9 Build\ogre-1.9.1\RenderSystems\GL\src\OgreGLGpuProgram.cpp (line 251)
22:48:00: Gpu program Ogre/ShadowExtrudeDirLightFiniteDebug encountered an error during loading and is thus not supported.
22:48:00: Texture: spot_shadow_fade.png: Loading 1 faces(PF_R8G8B8,128x128x1) with 0 generated mipmaps from Image. Internal format is PF_X8R8G8B8,128x128x1.
22:48:01: GLSL compiling: imgui/VP/GL150
22:48:01: GLSL compiled: 
22:48:01: GLSL compiling: imgui/FP/GL150
22:48:01: GLSL compiled: 
22:48:01: Vertex Program:imgui/VP/GL150 Fragment Program:imgui/FP/GL150 GLSL link result : 
22:48:03: Creating resource group Project_Resource_Group
22:48:03: Added resource location 'C:\Users\Terry\Desktop\World_EditorSB\Bin\Projects\RF_Project_Prj\First_Level\Assets\' of type 'FileSystem' to resource group 'Project_Resource_Group'
22:48:03: Clearing resource group Project_Resource_Group
22:48:03: Finished clearing resource group Project_Resource_Group
22:48:03: Initialising resource group Project_Resource_Group
22:48:03: Parsing scripts for resource group Project_Resource_Group
22:48:03: Parsing script Gate.material
22:48:03: Parsing script New_Room.material
22:48:03: Finished parsing scripts for resource group Project_Resource_Group
22:48:03: Creating resources for group Project_Resource_Group
22:48:03: All done
22:48:03: Mesh: Loading New_Room.mesh.
22:48:03: Texture: trim02.bmp: Loading 1 faces(PF_R8G8B8,256x256x1) with 0 generated mipmaps from Image. Internal format is PF_X8R8G8B8,256x256x1.
22:48:03: Texture: light02.bmp: Loading 1 faces(PF_R8G8B8,128x128x1) with 0 generated mipmaps from Image. Internal format is PF_X8R8G8B8,128x128x1.
22:48:03: Texture: wall06.bmp: Loading 1 faces(PF_R8G8B8,256x256x1) with 0 generated mipmaps from Image. Internal format is PF_X8R8G8B8,256x256x1.
22:48:03: Texture: wall04.bmp: Loading 1 faces(PF_R8G8B8,256x256x1) with 0 generated mipmaps from Image. Internal format is PF_X8R8G8B8,256x256x1.
22:48:03: Texture: grid01.tga: Loading 1 faces(PF_A8R8G8B8,128x128x1) with 0 generated mipmaps from Image. Internal format is PF_A8R8G8B8,128x128x1.
22:48:03: Texture: jp01.bmp: Loading 1 faces(PF_R8G8B8,256x256x1) with 0 generated mipmaps from Image. Internal format is PF_X8R8G8B8,256x256x1.
22:48:03: Texture: grid02.tga: Loading 1 faces(PF_A8R8G8B8,256x256x1) with 0 generated mipmaps from Image. Internal format is PF_A8R8G8B8,256x256x1.
22:48:03: Texture: block04.bmp: Loading 1 faces(PF_R8G8B8,256x256x1) with 0 generated mipmaps from Image. Internal format is PF_X8R8G8B8,256x256x1.
22:48:03: Texture: ground_stone.dds: Loading 1 faces(PF_B8G8R8,256x256x1) with 0 generated mipmaps from Image. Internal format is PF_X8R8G8B8,256x256x1.
22:48:03: Texture: wall03.bmp: Loading 1 faces(PF_R8G8B8,256x256x1) with 0 generated mipmaps from Image. Internal format is PF_X8R8G8B8,256x256x1.
22:48:03: Texture: block03.bmp: Loading 1 faces(PF_R8G8B8,256x256x1) with 0 generated mipmaps from Image. Internal format is PF_X8R8G8B8,256x256x1.
22:48:03: Texture: block02.bmp: Loading 1 faces(PF_R8G8B8,256x256x1) with 0 generated mipmaps from Image. Internal format is PF_X8R8G8B8,256x256x1.
22:48:03: Texture: block02a.bmp: Loading 1 faces(PF_R8G8B8,256x256x1) with 0 generated mipmaps from Image. Internal format is PF_X8R8G8B8,256x256x1.
22:48:03: Texture: wall05.bmp: Loading 1 faces(PF_R8G8B8,256x256x1) with 0 generated mipmaps from Image. Internal format is PF_X8R8G8B8,256x256x1.
22:48:03: Texture: trim01.bmp: Loading 1 faces(PF_R8G8B8,256x256x1) with 0 generated mipmaps from Image. Internal format is PF_X8R8G8B8,256x256x1.
22:48:03: Texture: jp02.bmp: Loading 1 faces(PF_R8G8B8,256x256x1) with 0 generated mipmaps from Image. Internal format is PF_X8R8G8B8,256x256x1.
22:48:03: Mesh: Loading axes.mesh.
22:48:03: WARNING: axes.mesh is an older format ([MeshSerializer_v1.30]); you should upgrade it as soon as possible using the OgreMeshUpgrade tool.
22:48:03: Texture: axes.png: Loading 1 faces(PF_R8G8B8,256x256x1) with 0 generated mipmaps from Image. Internal format is PF_X8R8G8B8,256x256x1.
22:48:03: Mesh: Loading EnvironmentEntity_GD.mesh.
22:48:03: Texture: Environment.jpg: Loading 1 faces(PF_R8G8B8,128x128x1) with 0 generated mipmaps from Image. Internal format is PF_X8R8G8B8,128x128x1.
22:48:03: Mesh: Loading DoorEntity_GD.mesh.
22:48:03: WARNING: DoorEntity_GD.mesh is an older format ([MeshSerializer_v1.40]); you should upgrade it as soon as possible using the OgreMeshUpgrade tool.
22:48:03: Texture: MoveMat1.jpg: Loading 1 faces(PF_R8G8B8,128x128x1) with 0 generated mipmaps from Image. Internal format is PF_X8R8G8B8,128x128x1.
22:48:03: Mesh: Loading Gate.mesh.
22:48:03: WARNING: Gate.mesh is an older format ([MeshSerializer_v1.41]); you should upgrade it as soon as possible using the OgreMeshUpgrade tool.
22:48:03: Texture: pole.dds: Loading 1 faces(PF_B8G8R8,512x512x1) with 0 generated mipmaps from Image. Internal format is PF_X8R8G8B8,512x512x1.
22:48:03: Mesh: Loading Cube.mesh.
22:48:03: Texture: Mat01.bmp: Loading 1 faces(PF_R8G8B8,128x128x1) with 0 generated mipmaps from Image. Internal format is PF_X8R8G8B8,128x128x1.
22:48:03: Texture: Mat02.bmp: Loading 1 faces(PF_R8G8B8,128x128x1) with 0 generated mipmaps from Image. Internal format is PF_X8R8G8B8,128x128x1.
22:48:03: Texture: Mat03.bmp: Loading 1 faces(PF_R8G8B8,128x128x1) with 0 generated mipmaps from Image. Internal format is PF_X8R8G8B8,128x128x1.
22:48:03: Texture: Mat04.bmp: Loading 1 faces(PF_R8G8B8,128x128x1) with 0 generated mipmaps from Image. Internal format is PF_X8R8G8B8,128x128x1.
22:48:03: Texture: Mat05.bmp: Loading 1 faces(PF_R8G8B8,128x128x1) with 0 generated mipmaps from Image. Internal format is PF_X8R8G8B8,128x128x1.
22:48:03: Texture: Mat06.bmp: Loading 1 faces(PF_R8G8B8,128x128x1) with 0 generated mipmaps from Image. Internal format is PF_X8R8G8B8,128x128x1.
22:48:03: Mesh: Loading Barrel_1.mesh.
22:48:03: WARNING: Barrel_1.mesh is an older format ([MeshSerializer_v1.40]); you should upgrade it as soon as possible using the OgreMeshUpgrade tool.
22:48:03: Texture: BRL_woodM.dds: Loading 1 faces(PF_B8G8R8,256x256x1) with 0 generated mipmaps from Image. Internal format is PF_X8R8G8B8,256x256x1.
22:48:03: Texture: Water02.dds: Loading 1 faces(PF_B8G8R8,512x512x1) with 0 generated mipmaps from Image. Internal format is PF_X8R8G8B8,512x512x1.
22:48:03: Texture: BRL_wood.dds: Loading 1 faces(PF_B8G8R8,256x256x1) with 0 generated mipmaps from Image. Internal format is PF_X8R8G8B8,256x256x1.
22:48:04: Texture: GD_smoke.png: Loading 1 faces(PF_A8R8G8B8,256x256x1) with 0 generated mipmaps from Image. Internal format is PF_A8R8G8B8,256x256x1.
22:48:04: Texture: GD_flare.png: Loading 1 faces(PF_R8G8B8,256x256x1) with 0 generated mipmaps from Image. Internal format is PF_X8R8G8B8,256x256x1.
22:48:04: Texture: GD_aureola.png: Loading 1 faces(PF_A8R8G8B8,256x256x1) with 0 generated mipmaps from Image. Internal format is PF_BYTE_LA,256x256x1.
22:48:04: Texture: GD_flaretrail.png: Loading 1 faces(PF_R8G8B8,128x128x1) with 0 generated mipmaps from Image. Internal format is PF_X8R8G8B8,128x128x1.
22:49:18: DefaultWorkQueue('Root') shutting down on thread main.
22:49:18: *-*-* OGRE Shutdown
22:49:18: Unregistering ResourceManager for type Compositor
22:49:18: Unregistering ResourceManager for type Skeleton
22:49:18: Unregistering ResourceManager for type Mesh
22:49:18: Unregistering ResourceManager for type HighLevelGpuProgram
22:49:18: Uninstalling plugin: ParticleFX
22:49:18: Plugin successfully uninstalled
22:49:18: Unloading library .\Plugin_ParticleFX
22:49:18: Uninstalling plugin: Cg Program Manager
22:49:18: Plugin successfully uninstalled
22:49:18: Unloading library .\Plugin_CgProgramManager
22:49:18: Uninstalling plugin: GL RenderSystem
22:49:18: Unregistering ResourceManager for type GpuProgram
22:49:18: *** Stopping Win32GL Subsystem ***
22:49:18: Unregistering ResourceManager for type Texture
22:49:18: Plugin successfully uninstalled
22:49:18: Unloading library .\RenderSystem_GL
22:49:18: Unregistering ResourceManager for type Material
